<?xml version="1.0" encoding="UTF-8"?>
<testsuite xmlns:xsi="http://www.w3.org/2001/XMLSchema-instance" xsi:noNamespaceSchemaLocation="https://maven.apache.org/surefire/maven-surefire-plugin/xsd/surefire-test-report-3.0.xsd" version="3.0" name="com.multicloud.costmonitor.CostMonitorApplicationTests" time="18.8" tests="10" errors="0" skipped="0" failures="0">
  <properties>
[...]
</properties>
  <testcase name="testAnomalyDetection" classname="com.multicloud.costmonitor.CostMonitorApplicationTests" time="1.119">
    <system-out><![CDATA[22:23:31.721 [main] INFO org.springframework.test.context.support.AnnotationConfigContextLoaderUtils -- Could not detect default configuration classes for test class [com.multicloud.costmonitor.CostMonitorApplicationTests]: CostMonitorApplicationTests does not declare any static, non-private, non-final, nested classes annotated with @Configuration.
22:23:32.028 [main] INFO org.springframework.boot.test.context.SpringBootTestContextBootstrapper -- Found @SpringBootConfiguration com.multicloud.costmonitor.CostMonitorApplication for test class com.multicloud.costmonitor.CostMonitorApplicationTests
22:23:32.476 [main] INFO org.springframework.boot.devtools.restart.RestartApplicationListener -- Restart disabled due to context in which it is running

  .   ____          _            __ _ _
 /\\ / ___'_ __ _ _(_)_ __  __ _ \ \ \ \
( ( )\___ | '_ | '_| | '_ \/ _` | \ \ \ \
 \\/  ___)| |_)| | | | | || (_| |  ) ) ) )
  '  |____| .__|_| |_|_| |_\__, | / / / /
 =========|_|==============|___/=/_/_/_/

 :: Spring Boot ::                (v3.3.4)

2026-09-07T22:23:33.153+05:30  INFO 108796 --- [multi-cloud-cost-dashboard] [           main] c.m.c.CostMonitorApplicationTests        : Starting CostMonitorApplicationTests using Java 26.0.2.1 with PID 108796 (started by dhruv in C:\Users\dhruv\IdeaProjects\multi-cloud-cost-dashboard)
2026-09-07T22:23:33.154+05:30  INFO 108796 --- [multi-cloud-cost-dashboard] [           main] c.m.c.CostMonitorApplicationTests        : No active profile set, falling back to 1 default profile: "default"
2026-09-07T22:23:35.194+05:30  INFO 108796 --- [multi-cloud-cost-dashboard] [           main] .s.d.r.c.RepositoryConfigurationDelegate : Bootstrapping Spring Data JPA repositories in DEFAULT mode.
2026-09-07T22:23:35.382+05:30  INFO 108796 --- [multi-cloud-cost-dashboard] [           main] .s.d.r.c.RepositoryConfigurationDelegate : Finished Spring Data repository scanning in 163 ms. Found 7 JPA repository interfaces.
2026-09-07T22:23:36.676+05:30  INFO 108796 --- [multi-cloud-cost-dashboard] [           main] o.hibernate.jpa.internal.util.LogHelper  : HHH000204: Processing PersistenceUnitInfo [name: default]
2026-09-07T22:23:36.905+05:30  INFO 108796 --- [multi-cloud-cost-dashboard] [           main] org.hibernate.Version                    : HHH000412: Hibernate ORM core version 6.5.3.Final
2026-09-07T22:23:37.030+05:30  INFO 108796 --- [multi-cloud-cost-dashboard] [           main] o.h.c.internal.RegionFactoryInitiator    : HHH000026: Second-level cache disabled
2026-09-07T22:23:37.977+05:30  INFO 108796 --- [multi-cloud-cost-dashboard] [           main] o.s.o.j.p.SpringPersistenceUnitInfo      : No LoadTimeWeaver setup: ignoring JPA class transformer
2026-09-07T22:23:38.085+05:30  INFO 108796 --- [multi-cloud-cost-dashboard] [           main] com.zaxxer.hikari.HikariDataSource       : HikariPool-1 - Starting...
2026-09-07T22:23:38.684+05:30  INFO 108796 --- [multi-cloud-cost-dashboard] [           main] com.zaxxer.hikari.pool.HikariPool        : HikariPool-1 - Added connection conn0: url=jdbc:h2:mem:costdb user=SA
2026-09-07T22:23:38.688+05:30  INFO 108796 --- [multi-cloud-cost-dashboard] [           main] com.zaxxer.hikari.HikariDataSource       : HikariPool-1 - Start completed.
2026-09-07T22:23:38.767+05:30  WARN 108796 --- [multi-cloud-cost-dashboard] [           main] org.hibernate.orm.deprecation            : HHH90000025: H2Dialect does not need to be specified explicitly using 'hibernate.dialect' (remove the property setting and it will be selected by default)
2026-09-07T22:23:41.249+05:30  INFO 108796 --- [multi-cloud-cost-dashboard] [           main] o.h.e.t.j.p.i.JtaPlatformInitiator       : HHH000489: No JTA platform available (set 'hibernate.transaction.jta.platform' to enable JTA platform integration)
2026-09-07T22:23:41.438+05:30  INFO 108796 --- [multi-cloud-cost-dashboard] [           main] j.LocalContainerEntityManagerFactoryBean : Initialized JPA EntityManagerFactory for persistence unit 'default'
2026-09-07T22:23:42.228+05:30  INFO 108796 --- [multi-cloud-cost-dashboard] [           main] r$InitializeUserDetailsManagerConfigurer : Global AuthenticationManager configured with UserDetailsService bean with name customUserDetailsService
2026-09-07T22:23:42.502+05:30  INFO 108796 --- [multi-cloud-cost-dashboard] [           main] o.s.d.j.r.query.QueryEnhancerFactory     : Hibernate is in classpath; If applicable, HQL parser will be used.
2026-09-07T22:23:43.785+05:30  WARN 108796 --- [multi-cloud-cost-dashboard] [           main] JpaBaseConfiguration$JpaWebConfiguration : spring.jpa.open-in-view is enabled by default. Therefore, database queries may be performed during view rendering. Explicitly configure spring.jpa.open-in-view to disable this warning
2026-09-07T22:23:44.025+05:30  INFO 108796 --- [multi-cloud-cost-dashboard] [           main] o.s.b.a.w.s.WelcomePageHandlerMapping    : Adding welcome page: class path resource [static/index.html]
2026-09-07T22:23:45.339+05:30  INFO 108796 --- [multi-cloud-cost-dashboard] [           main] o.s.b.a.h2.H2ConsoleAutoConfiguration    : H2 console available at '/h2-console'. Database available at 'jdbc:h2:mem:costdb'
2026-09-07T22:23:45.505+05:30  INFO 108796 --- [multi-cloud-cost-dashboard] [           main] c.m.c.CostMonitorApplicationTests        : Started CostMonitorApplicationTests in 13.065 seconds (process running for 15.551)
2026-09-07T22:23:45.517+05:30  INFO 108796 --- [multi-cloud-cost-dashboard] [           main] c.m.costmonitor.service.DatabaseSeeder   : Initializing Maheshwari Cloud Database Seeder...
2026-09-07T22:23:46.172+05:30  INFO 108796 --- [multi-cloud-cost-dashboard] [           main] c.m.costmonitor.service.DatabaseSeeder   : Default administrator created: admin / password123
2026-09-07T22:23:47.005+05:30  INFO 108796 --- [multi-cloud-cost-dashboard] [           main] c.m.costmonitor.service.DatabaseSeeder   : Default cloud accounts integrated and synchronized.
2026-09-07T22:23:47.015+05:30  INFO 108796 --- [multi-cloud-cost-dashboard] [           main] c.m.costmonitor.service.DatabaseSeeder   : Default budgets set.
2026-09-07T22:23:47.016+05:30  INFO 108796 --- [multi-cloud-cost-dashboard] [           main] c.m.costmonitor.service.SyncScheduler    : Evaluating active budgets...
2026-09-07T22:23:47.138+05:30  INFO 108796 --- [multi-cloud-cost-dashboard] [           main] c.m.costmonitor.service.DatabaseSeeder   : Initial budget thresholds evaluated.
]]></system-out>
    <system-err><![CDATA[WARNING: A Java agent has been loaded dynamically (C:\Users\dhruv\.m2\repository\net\bytebuddy\byte-buddy-agent\1.14.19\byte-buddy-agent-1.14.19.jar)
WARNING: If a serviceability tool is in use, please run with -XX:+EnableDynamicAgentLoading to hide this warning
WARNING: If a serviceability tool is not in use, please run with -Djdk.instrument.traceUsage for more information
WARNING: Dynamic loading of agents will be disallowed by default in a future release
]]></system-err>
  </testcase>
  <testcase name="testMonthlyReportsEndpoint" classname="com.multicloud.costmonitor.CostMonitorApplicationTests" time="0.308"/>
  <testcase name="testUserCreationAndPasswordEncoding" classname="com.multicloud.costmonitor.CostMonitorApplicationTests" time="0.338"/>
  <testcase name="testBudgetEvaluationAndAlerting" classname="com.multicloud.costmonitor.CostMonitorApplicationTests" time="0.317">
    <system-out><![CDATA[2026-09-07T22:23:49.013+05:30  INFO 108796 --- [multi-cloud-cost-dashboard] [           main] c.m.costmonitor.service.SyncScheduler    : Evaluating active budgets...
2026-09-07T22:23:49.066+05:30  WARN 108796 --- [multi-cloud-cost-dashboard] [           main] c.m.costmonitor.service.SyncScheduler    : 🚨 Budget Alert triggered: 'Small Budget' has spent $583.39 of limit $10.0 (Threshold 50.0%)
2026-09-07T22:23:49.071+05:30  INFO 108796 --- [multi-cloud-cost-dashboard] [           main] c.m.costmonitor.service.EmailService     : 
========================================================================
✉️ [SIMULATED EMAIL SENT]
------------------------------------------------------------------------
To:      receiver@org.com
Subject: 🚨 BUDGET ALERT: Threshold breached for 'Small Budget'
Body:
Hello,

This is an automated alert from your Multi-Cloud Cost Monitoring Dashboard.

The budget 'Small Budget' has exceeded its configured threshold:
• Budget Limit: $10.00
• Threshold: 50.0%
• Current Month Spend: $583.39

Please review your dashboard to inspect resource usage details and check for cost anomalies.

Best regards,
Multi-Cloud Cost Monitor System
========================================================================
2026-09-07T22:23:49.235+05:30  WARN 108796 --- [multi-cloud-cost-dashboard] [           main] c.m.costmonitor.service.EmailService     : Could not send real email (SMTP not configured or offline). Fallback output printed to logs.
]]></system-out>
  </testcase>
  <testcase name="testForecastingRegression" classname="com.multicloud.costmonitor.CostMonitorApplicationTests" time="0.139"/>
  <testcase name="testMockBillingSyncAndAggregations" classname="com.multicloud.costmonitor.CostMonitorApplicationTests" time="0.125"/>
  <testcase name="testCloudResourcesInventory" classname="com.multicloud.costmonitor.CostMonitorApplicationTests" time="0.111"/>
  <testcase name="testManualEmailAlertTrigger" classname="com.multicloud.costmonitor.CostMonitorApplicationTests" time="0.185"/>
  <testcase name="testProfileUpdate" classname="com.multicloud.costmonitor.CostMonitorApplicationTests" time="0.224"/>
  <testcase name="contextLoads" classname="com.multicloud.costmonitor.CostMonitorApplicationTests" time="0.053"/>
</testsuite>